TN:
SF:script.js
FN:3,addTask
FN:10,renderTasks
FN:12,(anonymous_2)
FN:16,(anonymous_3)
FN:24,toggleCompleted
FN:30,deleteTask
FN:36,createDeleteButton
FN:40,(anonymous_7)
FN:47,updateLocalStorage
FN:61,(anonymous_9)
FN:67,(anonymous_10)
FNF:11
FNH:1
FNDA:1,addTask
FNDA:0,renderTasks
FNDA:0,(anonymous_2)
FNDA:0,(anonymous_3)
FNDA:0,toggleCompleted
FNDA:0,deleteTask
FNDA:0,createDeleteButton
FNDA:0,(anonymous_7)
FNDA:0,updateLocalStorage
FNDA:0,(anonymous_9)
FNDA:0,(anonymous_10)
DA:4,1
DA:5,0
DA:6,0
DA:7,0
DA:11,0
DA:12,0
DA:13,0
DA:14,0
DA:15,0
DA:16,0
DA:17,0
DA:19,0
DA:20,0
DA:25,0
DA:26,0
DA:27,0
DA:31,0
DA:32,0
DA:33,0
DA:37,0
DA:38,0
DA:39,0
DA:40,0
DA:41,0
DA:42,0
DA:44,0
DA:48,0
DA:51,1
DA:52,1
DA:61,0
DA:62,0
DA:63,0
DA:64,0
DA:65,0
DA:67,0
DA:68,0
DA:69,0
DA:73,0
LF:38
LH:3
BRDA:15,0,0,0
BRDA:15,0,1,0
BRDA:51,1,0,1
BRDA:51,1,1,0
BRDA:51,2,0,1
BRDA:51,2,1,1
BRDA:65,3,0,0
BRDA:65,3,1,0
BRDA:68,4,0,0
BRDA:68,4,1,0
BRF:10
BRH:3
end_of_record
